<?xml version="1.0" encoding="UTF-8"?>
<testsuite xmlns:xsi="http://www.w3.org/2001/XMLSchema-instance" xsi:noNamespaceSchemaLocation="https://maven.apache.org/surefire/maven-surefire-plugin/xsd/surefire-test-report-3.0.xsd" version="3.0" name="com.example.UserLoginService.UserLoginServiceApplicationTests" time="6.249" tests="1" errors="0" skipped="0" failures="0">
  <properties>
[...]
</properties>
  <testcase name="contextLoads" classname="com.example.UserLoginService.UserLoginServiceApplicationTests" time="0.735">
    <system-out><![CDATA[10:58:54.523 [main] INFO org.springframework.test.context.support.AnnotationConfigContextLoaderUtils -- Could not detect default configuration classes for test class [com.example.UserLoginService.UserLoginServiceApplicationTests]: UserLoginServiceApplicationTests does not declare any static, non-private, non-final, nested classes annotated with @Configuration.
10:58:54.642 [main] INFO org.springframework.boot.test.context.SpringBootTestContextBootstrapper -- Found @SpringBootConfiguration com.example.UserLoginService.UserLoginServiceApplication for test class com.example.UserLoginService.UserLoginServiceApplicationTests

  .   ____          _            __ _ _
 /\\ / ___'_ __ _ _(_)_ __  __ _ \ \ \ \
( ( )\___ | '_ | '_| | '_ \/ _` | \ \ \ \
 \\/  ___)| |_)| | | | | || (_| |  ) ) ) )
  '  |____| .__|_| |_|_| |_\__, | / / / /
 =========|_|==============|___/=/_/_/_/
 :: Spring Boot ::                (v3.1.4)

2023-10-16T10:58:55.175+02:00  INFO 4772 --- [           main] c.e.U.UserLoginServiceApplicationTests   : Starting UserLoginServiceApplicationTests using Java 17.0.8.1 with PID 4772 (started by mitch in D:\projecten\semester6individueel\UserLoginService)
2023-10-16T10:58:55.176+02:00  INFO 4772 --- [           main] c.e.U.UserLoginServiceApplicationTests   : No active profile set, falling back to 1 default profile: "default"
2023-10-16T10:58:55.922+02:00  INFO 4772 --- [           main] .s.d.r.c.RepositoryConfigurationDelegate : Bootstrapping Spring Data JPA repositories in DEFAULT mode.
2023-10-16T10:58:55.951+02:00  INFO 4772 --- [           main] .s.d.r.c.RepositoryConfigurationDelegate : Finished Spring Data repository scanning in 17 ms. Found 0 JPA repository interfaces.
2023-10-16T10:58:56.744+02:00  INFO 4772 --- [           main] o.hibernate.jpa.internal.util.LogHelper  : HHH000204: Processing PersistenceUnitInfo [name: default]
2023-10-16T10:58:56.876+02:00  INFO 4772 --- [           main] org.hibernate.Version                    : HHH000412: Hibernate ORM core version 6.2.9.Final
2023-10-16T10:58:56.880+02:00  INFO 4772 --- [           main] org.hibernate.cfg.Environment            : HHH000406: Using bytecode reflection optimizer
2023-10-16T10:58:57.115+02:00  INFO 4772 --- [           main] o.h.b.i.BytecodeProviderInitiator        : HHH000021: Bytecode provider name : bytebuddy
2023-10-16T10:58:57.257+02:00  INFO 4772 --- [           main] o.s.o.j.p.SpringPersistenceUnitInfo      : No LoadTimeWeaver setup: ignoring JPA class transformer
2023-10-16T10:58:57.284+02:00  INFO 4772 --- [           main] com.zaxxer.hikari.HikariDataSource       : HikariPool-1 - Starting...
2023-10-16T10:58:57.709+02:00  INFO 4772 --- [           main] com.zaxxer.hikari.pool.HikariPool        : HikariPool-1 - Added connection com.mysql.cj.jdbc.ConnectionImpl@4597e6e3
2023-10-16T10:58:57.712+02:00  INFO 4772 --- [           main] com.zaxxer.hikari.HikariDataSource       : HikariPool-1 - Start completed.
2023-10-16T10:58:57.915+02:00  INFO 4772 --- [           main] o.h.b.i.BytecodeProviderInitiator        : HHH000021: Bytecode provider name : bytebuddy
2023-10-16T10:58:58.141+02:00  INFO 4772 --- [           main] o.h.e.t.j.p.i.JtaPlatformInitiator       : HHH000490: Using JtaPlatform implementation: [org.hibernate.engine.transaction.jta.platform.internal.NoJtaPlatform]
2023-10-16T10:58:58.145+02:00  INFO 4772 --- [           main] j.LocalContainerEntityManagerFactoryBean : Initialized JPA EntityManagerFactory for persistence unit 'default'
2023-10-16T10:58:58.375+02:00  WARN 4772 --- [           main] JpaBaseConfiguration$JpaWebConfiguration : spring.jpa.open-in-view is enabled by default. Therefore, database queries may be performed during view rendering. Explicitly configure spring.jpa.open-in-view to disable this warning
2023-10-16T10:58:59.468+02:00  WARN 4772 --- [           main] .s.s.UserDetailsServiceAutoConfiguration : 

Using generated security password: e0c6652b-4b9f-4a0b-8fe8-d7ec7f4e49e4

This generated password is for development use only. Your security configuration must be updated before running your application in production.

2023-10-16T10:58:59.784+02:00  INFO 4772 --- [           main] o.s.s.web.DefaultSecurityFilterChain     : Will secure any request with [org.springframework.security.web.session.DisableEncodeUrlFilter@5e3d84a, org.springframework.security.web.context.request.async.WebAsyncManagerIntegrationFilter@2728add3, org.springframework.security.web.context.SecurityContextHolderFilter@56d742ad, org.springframework.security.web.header.HeaderWriterFilter@67689c81, org.springframework.security.web.csrf.CsrfFilter@28654aff, org.springframework.security.web.authentication.logout.LogoutFilter@5718e77c, org.springframework.security.web.authentication.UsernamePasswordAuthenticationFilter@4b5cdd07, org.springframework.security.web.authentication.ui.DefaultLoginPageGeneratingFilter@543ba2e1, org.springframework.security.web.authentication.ui.DefaultLogoutPageGeneratingFilter@4fce3ed7, org.springframework.security.web.authentication.www.BasicAuthenticationFilter@60484429, org.springframework.security.web.savedrequest.RequestCacheAwareFilter@5730b513, org.springframework.security.web.servletapi.SecurityContextHolderAwareRequestFilter@7aca299e, org.springframework.security.web.authentication.AnonymousAuthenticationFilter@54033a65, org.springframework.security.web.access.ExceptionTranslationFilter@2c846d55, org.springframework.security.web.access.intercept.AuthorizationFilter@366bf608]
2023-10-16T10:58:59.872+02:00  INFO 4772 --- [           main] c.e.U.UserLoginServiceApplicationTests   : Started UserLoginServiceApplicationTests in 5.001 seconds (process running for 6.452)
]]></system-out>
  </testcase>
</testsuite>